\BOOKMARK [0][-]{chapter.1}{\376\377\0001\000\040\000L\000a\000t\000t\000i\000c\000e\000Y\000a\000n\000g\000M\000i\000l\000l\000s}{}% 1
\BOOKMARK [0][-]{chapter.2}{\376\377\0002\000\040\000H\000i\000e\000r\000a\000r\000c\000h\000i\000c\000a\000l\000\040\000I\000n\000d\000e\000x}{}% 2
\BOOKMARK [1][-]{section.2.1}{\376\377\0002\000.\0001\000\040\000C\000l\000a\000s\000s\000\040\000H\000i\000e\000r\000a\000r\000c\000h\000y}{chapter.2}% 3
\BOOKMARK [0][-]{chapter.3}{\376\377\0003\000\040\000C\000l\000a\000s\000s\000\040\000I\000n\000d\000e\000x}{}% 4
\BOOKMARK [1][-]{section.3.1}{\376\377\0003\000.\0001\000\040\000C\000l\000a\000s\000s\000\040\000L\000i\000s\000t}{chapter.3}% 5
\BOOKMARK [0][-]{chapter.4}{\376\377\0004\000\040\000F\000i\000l\000e\000\040\000I\000n\000d\000e\000x}{}% 6
\BOOKMARK [1][-]{section.4.1}{\376\377\0004\000.\0001\000\040\000F\000i\000l\000e\000\040\000L\000i\000s\000t}{chapter.4}% 7
\BOOKMARK [0][-]{chapter.5}{\376\377\0005\000\040\000C\000l\000a\000s\000s\000\040\000D\000o\000c\000u\000m\000e\000n\000t\000a\000t\000i\000o\000n}{}% 8
\BOOKMARK [1][-]{section.5.1}{\376\377\0005\000.\0001\000\040\000A\000c\000t\000i\000o\000n\000\040\000C\000l\000a\000s\000s\000\040\000R\000e\000f\000e\000r\000e\000n\000c\000e}{chapter.5}% 9
\BOOKMARK [2][-]{subsection.5.1.1}{\376\377\0005\000.\0001\000.\0001\000\040\000M\000e\000m\000b\000e\000r\000\040\000F\000u\000n\000c\000t\000i\000o\000n\000\040\000D\000o\000c\000u\000m\000e\000n\000t\000a\000t\000i\000o\000n}{section.5.1}% 10
\BOOKMARK [3][-]{subsubsection.5.1.1.1}{\376\377\0005\000.\0001\000.\0001\000.\0001\000\040\000i\000n\000i\000t\000A\000c\000t\000i\000o\000n\000\050\000G\000l\000u\000o\000n\000F\000i\000e\000l\000d\000\040\000*\000f\000i\000e\000l\000d\000\051}{subsection.5.1.1}% 11
\BOOKMARK [1][-]{section.5.2}{\376\377\0005\000.\0002\000\040\000A\000p\000p\000\040\000C\000l\000a\000s\000s\000\040\000R\000e\000f\000e\000r\000e\000n\000c\000e}{chapter.5}% 12
\BOOKMARK [1][-]{section.5.3}{\376\377\0005\000.\0003\000\040\000c\000o\000m\000p\000l\000e\000x\000\040\000S\000t\000r\000u\000c\000t\000\040\000R\000e\000f\000e\000r\000e\000n\000c\000e}{chapter.5}% 13
\BOOKMARK [1][-]{section.5.4}{\376\377\0005\000.\0004\000\040\000E\000n\000e\000r\000g\000y\000D\000e\000n\000s\000i\000t\000y\000\040\000C\000l\000a\000s\000s\000\040\000R\000e\000f\000e\000r\000e\000n\000c\000e}{chapter.5}% 14
\BOOKMARK [1][-]{section.5.5}{\376\377\0005\000.\0005\000\040\000F\000i\000e\000l\000d\000<\000\040\000T\000,\000\040\000N\000\040\000>\000\040\000C\000l\000a\000s\000s\000\040\000T\000e\000m\000p\000l\000a\000t\000e\000\040\000R\000e\000f\000e\000r\000e\000n\000c\000e}{chapter.5}% 15
\BOOKMARK [1][-]{section.5.6}{\376\377\0005\000.\0006\000\040\000G\000a\000u\000g\000e\000F\000i\000e\000l\000d\000F\000a\000c\000t\000o\000r\000y\000\040\000C\000l\000a\000s\000s\000\040\000R\000e\000f\000e\000r\000e\000n\000c\000e}{chapter.5}% 16
\BOOKMARK [1][-]{section.5.7}{\376\377\0005\000.\0007\000\040\000G\000a\000u\000g\000e\000F\000i\000e\000l\000d\000R\000e\000a\000d\000e\000r\000\040\000C\000l\000a\000s\000s\000\040\000R\000e\000f\000e\000r\000e\000n\000c\000e}{chapter.5}% 17
\BOOKMARK [1][-]{section.5.8}{\376\377\0005\000.\0008\000\040\000L\000a\000t\000t\000i\000c\000e\000I\000O\000:\000:\000I\000n\000p\000u\000t\000C\000o\000n\000f\000\040\000C\000l\000a\000s\000s\000\040\000R\000e\000f\000e\000r\000e\000n\000c\000e}{chapter.5}% 18
\BOOKMARK [1][-]{section.5.9}{\376\377\0005\000.\0009\000\040\000L\000a\000t\000t\000i\000c\000e\000<\000\040\000T\000\040\000>\000\040\000C\000l\000a\000s\000s\000\040\000T\000e\000m\000p\000l\000a\000t\000e\000\040\000R\000e\000f\000e\000r\000e\000n\000c\000e}{chapter.5}% 19
\BOOKMARK [1][-]{section.5.10}{\376\377\0005\000.\0001\0000\000\040\000L\000a\000t\000t\000i\000c\000e\000U\000n\000i\000t\000s\000\040\000S\000t\000r\000u\000c\000t\000\040\000R\000e\000f\000e\000r\000e\000n\000c\000e}{chapter.5}% 20
\BOOKMARK [1][-]{section.5.11}{\376\377\0005\000.\0001\0001\000\040\000O\000b\000s\000e\000r\000v\000a\000b\000l\000e\000\040\000C\000l\000a\000s\000s\000\040\000R\000e\000f\000e\000r\000e\000n\000c\000e}{chapter.5}% 21
\BOOKMARK [1][-]{section.5.12}{\376\377\0005\000.\0001\0002\000\040\000L\000a\000t\000t\000i\000c\000e\000I\000O\000:\000:\000O\000u\000t\000p\000u\000t\000C\000o\000n\000f\000\040\000C\000l\000a\000s\000s\000\040\000R\000e\000f\000e\000r\000e\000n\000c\000e}{chapter.5}% 22
\BOOKMARK [2][-]{subsection.5.12.1}{\376\377\0005\000.\0001\0002\000.\0001\000\040\000D\000e\000t\000a\000i\000l\000e\000d\000\040\000D\000e\000s\000c\000r\000i\000p\000t\000i\000o\000n}{section.5.12}% 23
\BOOKMARK [1][-]{section.5.13}{\376\377\0005\000.\0001\0003\000\040\000L\000a\000t\000t\000i\000c\000e\000I\000O\000:\000:\000O\000u\000t\000p\000u\000t\000O\000b\000s\000\040\000C\000l\000a\000s\000s\000\040\000R\000e\000f\000e\000r\000e\000n\000c\000e}{chapter.5}% 24
\BOOKMARK [1][-]{section.5.14}{\376\377\0005\000.\0001\0004\000\040\000L\000a\000t\000t\000i\000c\000e\000I\000O\000:\000:\000O\000u\000t\000p\000u\000t\000T\000e\000r\000m\000\040\000C\000l\000a\000s\000s\000\040\000R\000e\000f\000e\000r\000e\000n\000c\000e}{chapter.5}% 25
\BOOKMARK [1][-]{section.5.15}{\376\377\0005\000.\0001\0005\000\040\000P\000a\000r\000a\000l\000l\000e\000l\000\040\000C\000l\000a\000s\000s\000\040\000R\000e\000f\000e\000r\000e\000n\000c\000e}{chapter.5}% 26
\BOOKMARK [1][-]{section.5.16}{\376\377\0005\000.\0001\0006\000\040\000P\000l\000a\000q\000u\000e\000t\000t\000e\000\040\000C\000l\000a\000s\000s\000\040\000R\000e\000f\000e\000r\000e\000n\000c\000e}{chapter.5}% 27
\BOOKMARK [1][-]{section.5.17}{\376\377\0005\000.\0001\0007\000\040\000P\000o\000i\000n\000t\000\040\000C\000l\000a\000s\000s\000\040\000R\000e\000f\000e\000r\000e\000n\000c\000e}{chapter.5}% 28
\BOOKMARK [1][-]{section.5.18}{\376\377\0005\000.\0001\0008\000\040\000P\000u\000r\000e\000G\000a\000u\000g\000e\000\040\000C\000l\000a\000s\000s\000\040\000R\000e\000f\000e\000r\000e\000n\000c\000e}{chapter.5}% 29
\BOOKMARK [2][-]{subsection.5.18.1}{\376\377\0005\000.\0001\0008\000.\0001\000\040\000D\000e\000t\000a\000i\000l\000e\000d\000\040\000D\000e\000s\000c\000r\000i\000p\000t\000i\000o\000n}{section.5.18}% 30
\BOOKMARK [2][-]{subsection.5.18.2}{\376\377\0005\000.\0001\0008\000.\0002\000\040\000C\000o\000n\000s\000t\000r\000u\000c\000t\000o\000r\000\040\000\046\000\040\000D\000e\000s\000t\000r\000u\000c\000t\000o\000r\000\040\000D\000o\000c\000u\000m\000e\000n\000t\000a\000t\000i\000o\000n}{section.5.18}% 31
\BOOKMARK [3][-]{subsubsection.5.18.2.1}{\376\377\0005\000.\0001\0008\000.\0002\000.\0001\000\040\000P\000u\000r\000e\000G\000a\000u\000g\000e\000\050\000d\000o\000u\000b\000l\000e\000\040\000b\000e\000t\000a\000\051}{subsection.5.18.2}% 32
\BOOKMARK [2][-]{subsection.5.18.3}{\376\377\0005\000.\0001\0008\000.\0003\000\040\000M\000e\000m\000b\000e\000r\000\040\000F\000u\000n\000c\000t\000i\000o\000n\000\040\000D\000o\000c\000u\000m\000e\000n\000t\000a\000t\000i\000o\000n}{section.5.18}% 33
\BOOKMARK [3][-]{subsubsection.5.18.3.1}{\376\377\0005\000.\0001\0008\000.\0003\000.\0001\000\040\000c\000o\000m\000p\000u\000t\000e\000D\000e\000r\000i\000v\000a\000t\000i\000v\000e\000\050\000i\000n\000t\000\040\000m\000u\000\051}{subsection.5.18.3}% 34
\BOOKMARK [3][-]{subsubsection.5.18.3.2}{\376\377\0005\000.\0001\0008\000.\0003\000.\0002\000\040\000c\000o\000m\000p\000u\000t\000e\000S\000t\000a\000p\000l\000e\000s\000\050\000i\000n\000t\000\040\000m\000u\000\051}{subsection.5.18.3}% 35
\BOOKMARK [1][-]{section.5.19}{\376\377\0005\000.\0001\0009\000\040\000R\000a\000n\000d\000o\000m\000\040\000C\000l\000a\000s\000s\000\040\000R\000e\000f\000e\000r\000e\000n\000c\000e}{chapter.5}% 36
\BOOKMARK [1][-]{section.5.20}{\376\377\0005\000.\0002\0000\000\040\000S\000U\0003\000\040\000S\000t\000r\000u\000c\000t\000\040\000R\000e\000f\000e\000r\000e\000n\000c\000e}{chapter.5}% 37
\BOOKMARK [1][-]{section.5.21}{\376\377\0005\000.\0002\0001\000\040\000S\000u\000p\000e\000r\000O\000b\000s\000\040\000C\000l\000a\000s\000s\000\040\000R\000e\000f\000e\000r\000e\000n\000c\000e}{chapter.5}% 38
\BOOKMARK [1][-]{section.5.22}{\376\377\0005\000.\0002\0002\000\040\000T\000o\000p\000o\000l\000o\000g\000i\000c\000a\000l\000C\000h\000a\000r\000g\000e\000\040\000C\000l\000a\000s\000s\000\040\000R\000e\000f\000e\000r\000e\000n\000c\000e}{chapter.5}% 39
\BOOKMARK [1][-]{section.5.23}{\376\377\0005\000.\0002\0003\000\040\000W\000i\000l\000s\000o\000n\000F\000l\000o\000w\000\040\000C\000l\000a\000s\000s\000\040\000R\000e\000f\000e\000r\000e\000n\000c\000e}{chapter.5}% 40
\BOOKMARK [0][-]{chapter.6}{\376\377\0006\000\040\000F\000i\000l\000e\000\040\000D\000o\000c\000u\000m\000e\000n\000t\000a\000t\000i\000o\000n}{}% 41
\BOOKMARK [1][-]{section.6.1}{\376\377\0006\000.\0001\000\040\000l\000q\000c\000d\000.\000h\000\040\000F\000i\000l\000e\000\040\000R\000e\000f\000e\000r\000e\000n\000c\000e}{chapter.6}% 42
\BOOKMARK [2][-]{subsection.6.1.1}{\376\377\0006\000.\0001\000.\0001\000\040\000D\000e\000t\000a\000i\000l\000e\000d\000\040\000D\000e\000s\000c\000r\000i\000p\000t\000i\000o\000n}{section.6.1}% 43
\BOOKMARK [1][-]{section.6.2}{\376\377\0006\000.\0002\000\040\000o\000u\000t\000p\000u\000t\000c\000o\000n\000f\000.\000c\000p\000p\000\040\000F\000i\000l\000e\000\040\000R\000e\000f\000e\000r\000e\000n\000c\000e}{chapter.6}% 44
\BOOKMARK [2][-]{subsection.6.2.1}{\376\377\0006\000.\0002\000.\0001\000\040\000D\000e\000t\000a\000i\000l\000e\000d\000\040\000D\000e\000s\000c\000r\000i\000p\000t\000i\000o\000n}{section.6.2}% 45
\BOOKMARK [1][-]{section.6.3}{\376\377\0006\000.\0003\000\040\000o\000u\000t\000p\000u\000t\000c\000o\000n\000f\000.\000h\000\040\000F\000i\000l\000e\000\040\000R\000e\000f\000e\000r\000e\000n\000c\000e}{chapter.6}% 46
\BOOKMARK [2][-]{subsection.6.3.1}{\376\377\0006\000.\0003\000.\0001\000\040\000D\000e\000t\000a\000i\000l\000e\000d\000\040\000D\000e\000s\000c\000r\000i\000p\000t\000i\000o\000n}{section.6.3}% 47
\BOOKMARK [0][-]{section*.103}{\376\377\000I\000n\000d\000e\000x}{}% 48
